c:\source\.vs\2450termproject\uvsim\uvsim\x64\debug\vc143.pdb
c:\source\.vs\2450termproject\uvsim\uvsim\x64\debug\.netframework,version=v4.7.2.assemblyattributes.obj
c:\source\.vs\2450termproject\uvsim\uvsim\x64\debug\myform.obj
c:\source\.vs\2450termproject\uvsim\uvsim\x64\debug\uvsimulator.obj
c:\source\.vs\2450termproject\uvsim\uvsim\x64\debug\store.obj
c:\source\.vs\2450termproject\uvsim\uvsim\x64\debug\load.obj
c:\source\.vs\2450termproject\uvsim\uvsim\x64\debug\write.obj
c:\source\.vs\2450termproject\uvsim\uvsim\x64\debug\read.obj
c:\source\.vs\2450termproject\uvsim\uvsim\x64\debug\halt.obj
c:\source\.vs\2450termproject\uvsim\uvsim\x64\debug\branchzero.obj
c:\source\.vs\2450termproject\uvsim\uvsim\x64\debug\branchneg.obj
c:\source\.vs\2450termproject\uvsim\uvsim\x64\debug\branch.obj
c:\source\.vs\2450termproject\uvsim\uvsim\x64\debug\subtract.obj
c:\source\.vs\2450termproject\uvsim\uvsim\x64\debug\multiply.obj
c:\source\.vs\2450termproject\uvsim\uvsim\x64\debug\divide.obj
c:\source\.vs\2450termproject\uvsim\uvsim\x64\debug\add.obj
c:\projects\cs2450\2450termproject-main\src\uvsim _gui\uvsim\x64\debug\vc143.pdb
c:\projects\cs2450\2450termproject-main\src\uvsim _gui\uvsim\x64\debug\.netframework,version=v4.7.2.assemblyattributes.obj
c:\projects\cs2450\2450termproject-main\src\uvsim _gui\uvsim\x64\debug\myform.obj
c:\source\.vs\2450termproject\uvsim\x64\debug\uvsim.exe
c:\source\.vs\2450termproject\uvsim\x64\debug\uvsim.pdb
c:\projects\cs2450\2450termproject-main\src\uvsim _gui\uvsim\x64\debug\uvsim.vcxproj.assemblyreference.cache
c:\projects\cs2450\2450termproject-main\src\uvsim _gui\uvsim\x64\debug\uvsim.vcxproj.generateresource.cache
c:\projects\cs2450\2450termproject-main\src\uvsim _gui\uvsim\x64\debug\add.obj
c:\projects\cs2450\2450termproject-main\src\uvsim _gui\uvsim\x64\debug\branch.obj
c:\projects\cs2450\2450termproject-main\src\uvsim _gui\uvsim\x64\debug\branchneg.obj
c:\projects\cs2450\2450termproject-main\src\uvsim _gui\uvsim\x64\debug\branchzero.obj
c:\projects\cs2450\2450termproject-main\src\uvsim _gui\uvsim\x64\debug\divide.obj
c:\projects\cs2450\2450termproject-main\src\uvsim _gui\uvsim\x64\debug\halt.obj
c:\projects\cs2450\2450termproject-main\src\uvsim _gui\uvsim\x64\debug\load.obj
c:\projects\cs2450\2450termproject-main\src\uvsim _gui\uvsim\x64\debug\multiply.obj
c:\projects\cs2450\2450termproject-main\src\uvsim _gui\uvsim\x64\debug\read.obj
c:\projects\cs2450\2450termproject-main\src\uvsim _gui\uvsim\x64\debug\store.obj
c:\projects\cs2450\2450termproject-main\src\uvsim _gui\uvsim\x64\debug\subtract.obj
c:\projects\cs2450\2450termproject-main\src\uvsim _gui\uvsim\x64\debug\uvsimulator.obj
c:\projects\cs2450\2450termproject-main\src\uvsim _gui\uvsim\x64\debug\write.obj
c:\projects\cs2450\2450termproject-main\src\uvsim _gui\uvsim\x64\debug\uvsim.myform.resources
c:\projects\cs2450\2450termproject-main\src\uvsim _gui\x64\debug\uvsim.pdb
c:\projects\cs2450\2450termproject-main\src\uvsim _gui\x64\debug\uvsim.exe
c:\projects\cs2450\2450termproject-main\src\uvsim _gui\uvsim\x64\debug\uvsim.tlog\cl.command.1.tlog
c:\projects\cs2450\2450termproject-main\src\uvsim _gui\uvsim\x64\debug\uvsim.tlog\cl.items.tlog
c:\projects\cs2450\2450termproject-main\src\uvsim _gui\uvsim\x64\debug\uvsim.tlog\cl.read.1.tlog
c:\projects\cs2450\2450termproject-main\src\uvsim _gui\uvsim\x64\debug\uvsim.tlog\cl.write.1.tlog
c:\projects\cs2450\2450termproject-main\src\uvsim _gui\uvsim\x64\debug\uvsim.tlog\link.command.1.tlog
c:\projects\cs2450\2450termproject-main\src\uvsim _gui\uvsim\x64\debug\uvsim.tlog\link.read.1.tlog
c:\projects\cs2450\2450termproject-main\src\uvsim _gui\uvsim\x64\debug\uvsim.tlog\link.secondary.1.tlog
c:\projects\cs2450\2450termproject-main\src\uvsim _gui\uvsim\x64\debug\uvsim.tlog\link.write.1.tlog
c:\projects\cs2450\2450termproject-main\src\uvsim _gui\uvsim\x64\debug\uvsim.tlog\metagen.read.1.tlog
c:\projects\cs2450\2450termproject-main\src\uvsim _gui\uvsim\x64\debug\uvsim.tlog\metagen.write.1.tlog
c:\projects\cs2450\2450termproject-main\src\uvsim _gui\uvsim\x64\debug\uvsim.tlog\resgen.command.1.tlog
c:\projects\cs2450\2450termproject-main\src\uvsim _gui\uvsim\x64\debug\uvsim.tlog\resgen.read.1.tlog
c:\projects\cs2450\2450termproject-main\src\uvsim _gui\uvsim\x64\debug\uvsim.tlog\resgen.write.1.tlog
