c:\source\.vs\2450termproject\uvsim\uvsim\x64\release\vc143.pdb
c:\source\.vs\2450termproject\uvsim\uvsim\x64\release\.netframework,version=v4.7.2.assemblyattributes.obj
c:\source\.vs\2450termproject\uvsim\uvsim\x64\release\myform.obj
c:\source\.vs\2450termproject\uvsim\uvsim\x64\release\uvsimulator.obj
c:\source\.vs\2450termproject\uvsim\uvsim\x64\release\store.obj
c:\source\.vs\2450termproject\uvsim\uvsim\x64\release\load.obj
c:\source\.vs\2450termproject\uvsim\uvsim\x64\release\write.obj
c:\source\.vs\2450termproject\uvsim\uvsim\x64\release\read.obj
c:\source\.vs\2450termproject\uvsim\uvsim\x64\release\halt.obj
c:\source\.vs\2450termproject\uvsim\uvsim\x64\release\branchzero.obj
c:\source\.vs\2450termproject\uvsim\uvsim\x64\release\branchneg.obj
c:\source\.vs\2450termproject\uvsim\uvsim\x64\release\branch.obj
c:\source\.vs\2450termproject\uvsim\uvsim\x64\release\subtract.obj
c:\source\.vs\2450termproject\uvsim\uvsim\x64\release\multiply.obj
c:\source\.vs\2450termproject\uvsim\uvsim\x64\release\divide.obj
c:\source\.vs\2450termproject\uvsim\uvsim\x64\release\add.obj
c:\source\.vs\2450termproject\uvsim\x64\release\uvsim.exe
c:\source\.vs\2450termproject\uvsim\x64\release\uvsim.pdb
c:\source\.vs\2450termproject\uvsim\uvsim\x64\release\uvsim.tlog\cl.command.1.tlog
c:\source\.vs\2450termproject\uvsim\uvsim\x64\release\uvsim.tlog\cl.items.tlog
c:\source\.vs\2450termproject\uvsim\uvsim\x64\release\uvsim.tlog\cl.read.1.tlog
c:\source\.vs\2450termproject\uvsim\uvsim\x64\release\uvsim.tlog\cl.write.1.tlog
c:\source\.vs\2450termproject\uvsim\uvsim\x64\release\uvsim.tlog\link.command.1.tlog
c:\source\.vs\2450termproject\uvsim\uvsim\x64\release\uvsim.tlog\link.read.1.tlog
c:\source\.vs\2450termproject\uvsim\uvsim\x64\release\uvsim.tlog\link.secondary.1.tlog
c:\source\.vs\2450termproject\uvsim\uvsim\x64\release\uvsim.tlog\link.write.1.tlog
c:\source\.vs\2450termproject\uvsim\uvsim\x64\release\uvsim.tlog\metagen.read.1.tlog
c:\source\.vs\2450termproject\uvsim\uvsim\x64\release\uvsim.tlog\metagen.write.1.tlog
c:\source\.vs\2450termproject\uvsim\uvsim\x64\release\uvsim.tlog\resgen.command.1.tlog
c:\source\.vs\2450termproject\uvsim\uvsim\x64\release\uvsim.tlog\resgen.read.1.tlog
c:\source\.vs\2450termproject\uvsim\uvsim\x64\release\uvsim.tlog\resgen.write.1.tlog
